[18:05:13] [runtime_logger:        logger_setup]: Runtime log started.
[18:05:13] [runtime_logger:        logger_setup]: Logging to file record.log
[18:05:13] [new_phasic5:            <module>]: Saving to: /home/nero/datasets/preprocesssed/
[18:05:13] [new_phasic5:        run_analysis]: Loading: Rat5_SD8_HC_0_posttrial3
[18:05:13] [new_phasic5:        run_analysis]: fname: /home/nero/datasets/CBD/Rat5/Rat_OS_Ephys_cbd_chronic_Rat5_411358_SD8_HC_20210721/2021-07-21_13-33-49_posttrial3/2021-07-21_13-33-49_posttrial3-states_ES.mat
[18:05:13] [new_phasic5:        run_analysis]: Not Trial 5.
[18:05:13] [new_phasic5:        run_analysis]: Loading: Rat5_SD8_HC_0_posttrial1
[18:05:13] [new_phasic5:        run_analysis]: fname: /home/nero/datasets/CBD/Rat5/Rat_OS_Ephys_cbd_chronic_Rat5_411358_SD8_HC_20210721/2021-07-21_11-50-58_posttrial1/2021-07-21_11-50-58_posttrial1-states_ES.mat
[18:05:13] [new_phasic5:        run_analysis]: No REM detected. Skipping.
[18:05:13] [new_phasic5:        run_analysis]: Loading: Rat5_SD8_HC_0_posttrial2
[18:05:13] [new_phasic5:        run_analysis]: fname: /home/nero/datasets/CBD/Rat5/Rat_OS_Ephys_cbd_chronic_Rat5_411358_SD8_HC_20210721/2021-07-21_12-41-46_posttrial2/2021-07-21_12-41-46_posttrial2-states_ES.mat
[18:05:14] [new_phasic5:        run_analysis]: Not Trial 5.
[18:05:14] [new_phasic5:        run_analysis]: Loading: Rat5_SD8_HC_0_posttrial4
[18:05:14] [new_phasic5:        run_analysis]: fname: /home/nero/datasets/CBD/Rat5/Rat_OS_Ephys_cbd_chronic_Rat5_411358_SD8_HC_20210721/2021-07-21_14-24-19_posttrial4/2021-07-21_14-24-19_posttrial4-states_ES.mat
[18:05:14] [new_phasic5:        run_analysis]: Not Trial 5.
[18:05:14] [new_phasic5:        run_analysis]: Loading: Rat5_SD8_HC_0_posttrial5
[18:05:14] [new_phasic5:        run_analysis]: fname: /home/nero/datasets/CBD/Rat5/Rat_OS_Ephys_cbd_chronic_Rat5_411358_SD8_HC_20210721/2021-07-21_15-14-50_posttrial5/2021-07-21_15-14-50_posttrial5-states_ES.mat
[18:05:15] [new_phasic5:        run_analysis]: LFP shape: (27287638,), size: 208MB)
[18:05:15] [new_phasic5:        run_analysis]: Memory usage: 5.2G (31.9%)
[18:05:15] [new_phasic5:        run_analysis]: STARTED: Resampling to 500 Hz.
[18:05:24] [new_phasic5:        run_analysis]: FINISHED: Resampling to 500 Hz.
[18:05:24] [new_phasic5:        run_analysis]: Resampled: (27287638,) -> (5457528,).
[18:05:24] [new_phasic5:        run_analysis]: Memory usage: 4.7G (39.2%)
[18:05:24] [new_phasic5:        run_analysis]: STARTED: Remove artifacts.
[18:05:24] [new_phasic5:        run_analysis]: FINISHED: Remove artifacts.
[18:05:24] [new_phasic5:        run_analysis]: Resampled data shape: (5457528,), size: 41MB)
[18:05:24] [new_phasic5:        run_analysis]: STARTED: Extract REM epochs.
[18:05:24] [new_phasic5:        run_analysis]: REM indices: [(708, 820), (850, 888), (1267, 1314), (1753, 1904), (1943, 2076), (5464, 5537), (5635, 5661), (6188, 6253), (6858, 6901), (6942, 6979), (7635, 7675), (8915, 9013)].
[18:05:24] [new_phasic5:        run_analysis]: FINISHED: Extract REM epochs.
[18:05:24] [new_phasic5:        run_analysis]: Memory usage: 4.9G (36.6%)
[18:05:24] [new_phasic5:        run_analysis]: Saving as: Rat5_SD8_HC_0_posttrial5.
[18:05:24] [new_phasic5:        run_analysis]: Loading: Rat5_SD15_HC_0_posttrial3
[18:05:24] [new_phasic5:        run_analysis]: fname: /home/nero/datasets/CBD/Rat5/Rat_OS_Ephys_cbd_chronic_Rat5_411358_SD15_HC_20210801/2021-08-01_13-57-48_posttrial3/2021-08-01_13-57-48_posttrial3-states_ES.mat
[18:05:24] [new_phasic5:        run_analysis]: No REM detected. Skipping.
[18:05:24] [new_phasic5:        run_analysis]: Loading: Rat5_SD15_HC_0_posttrial4
[18:05:24] [new_phasic5:        run_analysis]: fname: /home/nero/datasets/CBD/Rat5/Rat_OS_Ephys_cbd_chronic_Rat5_411358_SD15_HC_20210801/2021-08-01_15-00-02_posttrial4/2021-08-01_15-00-02_posttrial4-states_ES.mat
[18:05:24] [new_phasic5:        run_analysis]: No REM detected. Skipping.
[18:05:24] [new_phasic5:        run_analysis]: Loading: Rat5_SD15_HC_0_posttrial5
[18:05:24] [new_phasic5:        run_analysis]: fname: /home/nero/datasets/CBD/Rat5/Rat_OS_Ephys_cbd_chronic_Rat5_411358_SD15_HC_20210801/2021-08-01_15-51-31_posttrial5/2021-08-01_15-51-31_posttrial5-states_ES.mat
[18:05:24] [new_phasic5:        run_analysis]: No REM detected. Skipping.
[18:05:24] [new_phasic5:        run_analysis]: Loading: Rat5_SD15_HC_0_posttrial2
[18:05:24] [new_phasic5:        run_analysis]: fname: /home/nero/datasets/CBD/Rat5/Rat_OS_Ephys_cbd_chronic_Rat5_411358_SD15_HC_20210801/2021-08-01_12-56-21_posttrial2/2021-08-01_12-56-21_posttrial2-states_ES.mat
[18:05:25] [new_phasic5:        run_analysis]: No REM detected. Skipping.
[18:05:25] [new_phasic5:        run_analysis]: Loading: Rat5_SD15_HC_0_posttrial1
[18:05:25] [new_phasic5:        run_analysis]: fname: /home/nero/datasets/CBD/Rat5/Rat_OS_Ephys_cbd_chronic_Rat5_411358_SD15_HC_20210801/2021-08-01_12-05-33_posttrial1/2021-08-01_12-05-33_posttrial1-states_ES.mat
[18:05:25] [new_phasic5:        run_analysis]: No REM detected. Skipping.
[18:05:25] [new_phasic5:        run_analysis]: Loading: Rat5_SD16_OR_1_posttrial1
[18:05:25] [new_phasic5:        run_analysis]: fname: /home/nero/datasets/CBD/Rat5/Rat_OS_Ephys_cbd_chronic_Rat5_411358_SD16_OR_20210802/2021-08-02_11-14-06_posttrial1/2021-08-02_11-14-06_posttrial1-states_ES.mat
[18:05:25] [new_phasic5:        run_analysis]: No REM detected. Skipping.
[18:05:25] [new_phasic5:        run_analysis]: Loading: Rat5_SD16_OR_1_posttrial5
[18:05:25] [new_phasic5:        run_analysis]: fname: /home/nero/datasets/CBD/Rat5/Rat_OS_Ephys_cbd_chronic_Rat5_411358_SD16_OR_20210802/2021-08-02_15-12-21_posttrial5/2021-08-02_15-12-21_posttrial5-states_ES.mat
[18:05:27] [new_phasic5:        run_analysis]: LFP shape: (27347798,), size: 208MB)
[18:05:27] [new_phasic5:        run_analysis]: Memory usage: 4.6G (39.3%)
[18:05:27] [new_phasic5:        run_analysis]: STARTED: Resampling to 500 Hz.
[18:05:41] [new_phasic5:        run_analysis]: FINISHED: Resampling to 500 Hz.
[18:05:41] [new_phasic5:        run_analysis]: Resampled: (27347798,) -> (5469560,).
[18:05:41] [new_phasic5:        run_analysis]: Memory usage: 3.2G (58.7%)
[18:05:41] [new_phasic5:        run_analysis]: STARTED: Remove artifacts.
[18:05:41] [new_phasic5:        run_analysis]: FINISHED: Remove artifacts.
[18:05:41] [new_phasic5:        run_analysis]: Resampled data shape: (5469560,), size: 41MB)
[18:05:41] [new_phasic5:        run_analysis]: STARTED: Extract REM epochs.
[18:05:41] [new_phasic5:        run_analysis]: REM indices: [(1246, 1376), (2388, 2510), (3247, 3330), (4002, 4173), (7138, 7256), (9500, 9575), (10137, 10201), (10846, 10937)].
[18:05:41] [new_phasic5:        run_analysis]: FINISHED: Extract REM epochs.
[18:05:41] [new_phasic5:        run_analysis]: Memory usage: 3.4G (56.1%)
[18:05:41] [new_phasic5:        run_analysis]: Saving as: Rat5_SD16_OR_1_posttrial5.
[18:05:41] [new_phasic5:        run_analysis]: Loading: Rat5_SD16_OR_1_posttrial2
[18:05:41] [new_phasic5:        run_analysis]: fname: /home/nero/datasets/CBD/Rat5/Rat_OS_Ephys_cbd_chronic_Rat5_411358_SD16_OR_20210802/2021-08-02_12-04-52_posttrial2/2021-08-02_12-04-52_posttrial2-states_ES.mat
[18:05:41] [new_phasic5:        run_analysis]: No REM detected. Skipping.
[18:05:41] [new_phasic5:        run_analysis]: Loading: Rat5_SD16_OR_1_posttrial3
[18:05:41] [new_phasic5:        run_analysis]: fname: /home/nero/datasets/CBD/Rat5/Rat_OS_Ephys_cbd_chronic_Rat5_411358_SD16_OR_20210802/2021-08-02_13-14-15_posttrial3/2021-08-02_13-14-15_posttrial3-states_ES.mat
[18:05:41] [new_phasic5:        run_analysis]: No REM detected. Skipping.
[18:05:41] [new_phasic5:        run_analysis]: Loading: Rat5_SD16_OR_1_posttrial4
[18:05:41] [new_phasic5:        run_analysis]: fname: /home/nero/datasets/CBD/Rat5/Rat_OS_Ephys_cbd_chronic_Rat5_411358_SD16_OR_20210802/2021-08-02_14-21-32_posttrial4/2021-08-02_14-21-32_posttrial4-states_ES.mat
[18:05:42] [new_phasic5:        run_analysis]: Not Trial 5.
[18:05:42] [new_phasic5:        run_analysis]: Loading: Rat5_SD2_OR_0_posttrial4
[18:05:42] [new_phasic5:        run_analysis]: fname: /home/nero/datasets/CBD/Rat5/Rat_OS_Ephys_cbd_chronic_Rat5_411358_SD2_OR_9_07_2021/2021-07-09_15-37-26_posttrial4/2021-07-09_15-37-26_posttrial4-states_ES.mat
[18:05:42] [new_phasic5:        run_analysis]: Not Trial 5.
[18:05:42] [new_phasic5:        run_analysis]: Loading: Rat5_SD2_OR_0_posttrial2
[18:05:42] [new_phasic5:        run_analysis]: fname: /home/nero/datasets/CBD/Rat5/Rat_OS_Ephys_cbd_chronic_Rat5_411358_SD2_OR_9_07_2021/2021-07-09_13-44-23_posttrial2/2021-07-09_13-44-23_posttrial2-states_ES_TS.mat
[18:05:42] [new_phasic5:        run_analysis]: Not Trial 5.
[18:05:42] [new_phasic5:        run_analysis]: Loading: Rat5_SD2_OR_0_posttrial5
[18:05:42] [new_phasic5:        run_analysis]: fname: /home/nero/datasets/CBD/Rat5/Rat_OS_Ephys_cbd_chronic_Rat5_411358_SD2_OR_9_07_2021/2021-07-09_16-28-31_posttrial5/2021-07-09_16-28-31_posttrial5-states_ES.mat
[18:05:43] [new_phasic5:        run_analysis]: LFP shape: (23706027,), size: 180MB)
[18:05:43] [new_phasic5:        run_analysis]: Memory usage: 3.2G (58.2%)
[18:05:43] [new_phasic5:        run_analysis]: STARTED: Resampling to 500 Hz.
[18:05:51] [new_phasic5:        run_analysis]: FINISHED: Resampling to 500 Hz.
[18:05:51] [new_phasic5:        run_analysis]: Resampled: (23706027,) -> (4741205,).
[18:05:51] [new_phasic5:        run_analysis]: Memory usage: 2.3G (70.2%)
[18:05:51] [new_phasic5:        run_analysis]: STARTED: Remove artifacts.
[18:05:51] [new_phasic5:        run_analysis]: FINISHED: Remove artifacts.
[18:05:51] [new_phasic5:        run_analysis]: Resampled data shape: (4741205,), size: 36MB)
[18:05:51] [new_phasic5:        run_analysis]: STARTED: Extract REM epochs.
[18:05:51] [new_phasic5:        run_analysis]: REM indices: [(1043, 1185), (2141, 2199), (2608, 2794)].
[18:05:51] [new_phasic5:        run_analysis]: FINISHED: Extract REM epochs.
[18:05:51] [new_phasic5:        run_analysis]: Memory usage: 2.5G (67.9%)
[18:05:51] [new_phasic5:        run_analysis]: Saving as: Rat5_SD2_OR_0_posttrial5.
[18:05:51] [new_phasic5:        run_analysis]: Loading: Rat5_SD2_OR_0_posttrial3
[18:05:51] [new_phasic5:        run_analysis]: fname: /home/nero/datasets/CBD/Rat5/Rat_OS_Ephys_cbd_chronic_Rat5_411358_SD2_OR_9_07_2021/2021-07-09_14-35-12_posttrial3/2021-07-09_14-35-12_posttrial3-states_ES.mat
[18:05:51] [new_phasic5:        run_analysis]: Not Trial 5.
[18:05:51] [new_phasic5:        run_analysis]: Loading: Rat5_SD2_OR_0_posttrial1
[18:05:51] [new_phasic5:        run_analysis]: fname: /home/nero/datasets/CBD/Rat5/Rat_OS_Ephys_cbd_chronic_Rat5_411358_SD2_OR_9_07_2021/2021-07-09_12-41-42_posttrial1/2021-07-09_12-41-42_posttrial1-states_ES.mat
[18:05:51] [new_phasic5:        run_analysis]: Not Trial 5.
[18:05:51] [new_phasic5:        run_analysis]: Loading: Rat5_SD1_OR_1_posttrial5
[18:05:51] [new_phasic5:        run_analysis]: fname: /home/nero/datasets/CBD/Rat5/Rat_OS_Ephys_cbd_chronic_Rat5_411358_SD1_OR_6_07_2021/2021-07-06_15-49-34_posttrial5/2021-07-06_15-49-34_posttrial5-states_ES.mat
[18:05:53] [new_phasic5:        run_analysis]: LFP shape: (27004246,), size: 206MB)
[18:05:53] [new_phasic5:        run_analysis]: Memory usage: 2.2G (70.8%)
[18:05:53] [new_phasic5:        run_analysis]: STARTED: Resampling to 500 Hz.
[18:06:05] [new_phasic5:        run_analysis]: FINISHED: Resampling to 500 Hz.
[18:06:05] [new_phasic5:        run_analysis]: Resampled: (27004246,) -> (5400849,).
[18:06:05] [new_phasic5:        run_analysis]: Memory usage: 1.7G (78.0%)
[18:06:05] [new_phasic5:        run_analysis]: STARTED: Remove artifacts.
[18:06:05] [new_phasic5:        run_analysis]: FINISHED: Remove artifacts.
[18:06:05] [new_phasic5:        run_analysis]: Resampled data shape: (5400849,), size: 41MB)
[18:06:05] [new_phasic5:        run_analysis]: STARTED: Extract REM epochs.
[18:06:05] [new_phasic5:        run_analysis]: REM indices: [(1527, 1646), (2197, 2219), (2358, 2399), (2795, 2809), (2871, 2989)].
[18:06:05] [new_phasic5:        run_analysis]: FINISHED: Extract REM epochs.
[18:06:05] [new_phasic5:        run_analysis]: Memory usage: 1.9G (75.4%)
[18:06:05] [new_phasic5:        run_analysis]: Saving as: Rat5_SD1_OR_1_posttrial5.
[18:06:05] [new_phasic5:        run_analysis]: Loading: Rat5_SD1_OR_1_posttrial1
[18:06:05] [new_phasic5:        run_analysis]: fname: /home/nero/datasets/CBD/Rat5/Rat_OS_Ephys_cbd_chronic_Rat5_411358_SD1_OR_6_07_2021/2021-07-06_12-25-59_posttrial1/2021-07-06_12-25-59_posttrial1-states_ES.mat
[18:06:05] [new_phasic5:        run_analysis]: No REM detected. Skipping.
[18:06:05] [new_phasic5:        run_analysis]: Loading: Rat5_SD1_OR_1_posttrial3
[18:06:05] [new_phasic5:        run_analysis]: fname: /home/nero/datasets/CBD/Rat5/Rat_OS_Ephys_cbd_chronic_Rat5_411358_SD1_OR_6_07_2021/2021-07-06_14-07-30_posttrial3/2021-07-06_14-07-30_posttrial3-states_ES.mat
[18:06:06] [new_phasic5:        run_analysis]: Not Trial 5.
[18:06:06] [new_phasic5:        run_analysis]: Loading: Rat5_SD1_OR_1_posttrial2
[18:06:06] [new_phasic5:        run_analysis]: fname: /home/nero/datasets/CBD/Rat5/Rat_OS_Ephys_cbd_chronic_Rat5_411358_SD1_OR_6_07_2021/2021-07-06_13-16-37_posttrial2/2021-07-06_13-16-37_posttrial2-states_ES.mat
[18:06:06] [new_phasic5:        run_analysis]: No REM detected. Skipping.
[18:06:06] [new_phasic5:        run_analysis]: Loading: Rat5_SD1_OR_1_posttrial4
[18:06:06] [new_phasic5:        run_analysis]: fname: /home/nero/datasets/CBD/Rat5/Rat_OS_Ephys_cbd_chronic_Rat5_411358_SD1_OR_6_07_2021/2021-07-06_14-58-28_posttrial4/2021-07-06_14-58-28_posttrial4-states_ES.mat
[18:06:06] [new_phasic5:        run_analysis]: Not Trial 5.
[18:06:06] [new_phasic5:        run_analysis]: Loading: Rat5_SD3_OD_0_posttrial4
[18:06:06] [new_phasic5:        run_analysis]: fname: /home/nero/datasets/CBD/Rat5/Rat_OS_Ephys_cbd_chronic_Rat5_411358_SD3_OD_14-15_07_2021/2021-07-14_15-25-54_posttrial4/2021-07-14_15-25-54_posttrial4-states_ES.mat
[18:06:06] [new_phasic5:        run_analysis]: Not Trial 5.
[18:06:06] [new_phasic5:        run_analysis]: Loading: Rat5_SD3_OD_0_posttrial1
[18:06:06] [new_phasic5:        run_analysis]: fname: /home/nero/datasets/CBD/Rat5/Rat_OS_Ephys_cbd_chronic_Rat5_411358_SD3_OD_14-15_07_2021/2021-07-14_12-53-09_posttrial1/2021-07-14_12-53-09_posttrial1-states_ES.mat
[18:06:07] [new_phasic5:        run_analysis]: No REM detected. Skipping.
[18:06:07] [new_phasic5:        run_analysis]: Loading: Rat5_SD3_OD_0_posttrial3
[18:06:07] [new_phasic5:        run_analysis]: fname: /home/nero/datasets/CBD/Rat5/Rat_OS_Ephys_cbd_chronic_Rat5_411358_SD3_OD_14-15_07_2021/2021-07-14_14-34-53_posttrial3/2021-07-14_14-34-53_posttrial3-states_ES.mat
[18:06:07] [new_phasic5:        run_analysis]: Not Trial 5.
[18:06:07] [new_phasic5:        run_analysis]: Loading: Rat5_SD3_OD_0_posttrial2
[18:06:07] [new_phasic5:        run_analysis]: fname: /home/nero/datasets/CBD/Rat5/Rat_OS_Ephys_cbd_chronic_Rat5_411358_SD3_OD_14-15_07_2021/2021-07-14_13-43-51_posttrial2/2021-07-14_13-43-51_posttrial2-states_ES.mat
[18:06:07] [new_phasic5:        run_analysis]: No REM detected. Skipping.
[18:06:07] [new_phasic5:        run_analysis]: Loading: Rat5_SD3_OD_0_posttrial5
[18:06:07] [new_phasic5:        run_analysis]: fname: /home/nero/datasets/CBD/Rat5/Rat_OS_Ephys_cbd_chronic_Rat5_411358_SD3_OD_14-15_07_2021/2021-07-14_16-17-11_posttrial5/2021-07-14_16-17-11_posttrial5-states_ES.mat
[18:06:08] [new_phasic5:        run_analysis]: LFP shape: (27003563,), size: 206MB)
[18:06:08] [new_phasic5:        run_analysis]: Memory usage: 1.7G (77.6%)
[18:06:08] [new_phasic5:        run_analysis]: STARTED: Resampling to 500 Hz.
